<?xml version="1.0" encoding="UTF-8"?>
<testng-results skipped="0" failed="0" ignored="0" total="1" passed="1">
  <reporter-output>
  </reporter-output>
  <suite name="Suite" duration-ms="18544" started-at="2019-10-18T20:26:37 BST" finished-at="2019-10-18T20:26:56 BST">
    <groups>
    </groups>
    <test name="Test" duration-ms="18544" started-at="2019-10-18T20:26:37 BST" finished-at="2019-10-18T20:26:56 BST">
      <class name="com.oneclaim.testcases.LoginTestCRM">
        <test-method status="PASS" signature="setUp()[pri:0, instance:com.oneclaim.testcases.LoginTestCRM@4973813a]" name="setUp" is-config="true" duration-ms="12863" started-at="2019-10-18T20:26:37 BST" finished-at="2019-10-18T20:26:50 BST">
          <reporter-output>
          </reporter-output>
        </test-method> <!-- setUp -->
        <test-method status="PASS" signature="loginApp()[pri:0, instance:com.oneclaim.testcases.LoginTestCRM@4973813a]" name="loginApp" duration-ms="5018" started-at="2019-10-18T20:26:50 BST" finished-at="2019-10-18T20:26:55 BST">
          <reporter-output>
          </reporter-output>
        </test-method> <!-- loginApp -->
        <test-method status="PASS" signature="tearDown()[pri:0, instance:com.oneclaim.testcases.LoginTestCRM@4973813a]" name="tearDown" is-config="true" duration-ms="615" started-at="2019-10-18T20:26:55 BST" finished-at="2019-10-18T20:26:56 BST">
          <reporter-output>
          </reporter-output>
        </test-method> <!-- tearDown -->
      </class> <!-- com.oneclaim.testcases.LoginTestCRM -->
    </test> <!-- Test -->
  </suite> <!-- Suite -->
</testng-results>
